2024-11-21 20:47:53,840 - __main__ - WARNING - Config file config.yml not found, using defaults
2024-11-21 20:47:53,841 - __main__ - INFO - Testing password of length 2: gi
2024-11-21 20:47:53,853 - __main__ - INFO - Testing password of length 3: hwz
2024-11-21 20:47:53,861 - __main__ - INFO - Testing password of length 4: abjq
2024-11-21 20:47:53,873 - __main__ - INFO - Testing password of length 5: mukqn
2024-11-21 20:47:54,373 - __main__ - INFO - Testing password of length 6: khdolx
2024-11-21 20:48:50,652 - __main__ - WARNING - Config file config.yml not found, using defaults
2024-11-21 20:48:50,652 - __main__ - INFO - Testing password of length 2: gc
2024-11-21 20:48:50,663 - __main__ - INFO - Testing password of length 3: ika
2024-11-21 20:48:50,673 - __main__ - INFO - Testing password of length 4: arff
2024-11-21 20:48:50,686 - __main__ - INFO - Testing password of length 5: cccdh
2024-11-21 20:48:50,782 - __main__ - INFO - Testing password of length 6: hwherw
2024-11-21 20:49:25,932 - __main__ - WARNING - Config file config.yml not found, using defaults
2024-11-21 20:49:25,933 - __main__ - INFO - Testing password of length 2: rm
2024-11-21 20:49:25,943 - __main__ - INFO - Testing password of length 3: dqa
2024-11-21 20:49:25,953 - __main__ - INFO - Testing password of length 4: qdot
2024-11-21 20:49:25,987 - __main__ - INFO - Testing password of length 5: cmxdd
2024-11-21 20:49:26,099 - __main__ - INFO - Testing password of length 6: jueyvw
2024-11-21 20:49:36,153 - __main__ - INFO - Testing password of length 7: frkpejx
2024-11-21 20:52:32,386 - __main__ - INFO - Testing password of length 8: egowbktl
2024-11-21 21:11:06,883 - __main__ - ERROR - Application error: 'PasswordCracker' object has no attribute 'config'
2024-11-21 21:12:19,915 - __main__ - INFO - Testing password of length 2: je
2024-11-21 21:12:19,915 - __main__ - ERROR - Error processing length 2: name 'brute_force_crack' is not defined
2024-11-21 21:12:19,915 - __main__ - INFO - Testing password of length 3: ash
2024-11-21 21:12:19,915 - __main__ - ERROR - Error processing length 3: name 'brute_force_crack' is not defined
2024-11-21 21:12:19,915 - __main__ - INFO - Testing password of length 4: djsb
2024-11-21 21:12:19,915 - __main__ - ERROR - Error processing length 4: name 'brute_force_crack' is not defined
2024-11-21 21:12:19,915 - __main__ - INFO - Testing password of length 5: htuph
2024-11-21 21:12:19,915 - __main__ - ERROR - Error processing length 5: name 'brute_force_crack' is not defined
2024-11-21 21:12:19,915 - __main__ - INFO - Testing password of length 6: ofbayv
2024-11-21 21:12:19,915 - __main__ - ERROR - Error processing length 6: name 'brute_force_crack' is not defined
2024-11-21 21:13:54,377 - __main__ - INFO - Testing password of length 2: pp
2024-11-21 21:13:54,390 - __main__ - INFO - Testing password of length 3: eod
2024-11-21 21:13:54,399 - __main__ - INFO - Testing password of length 4: yqes
2024-11-21 21:13:54,447 - __main__ - INFO - Testing password of length 5: vlkqz
2024-11-21 21:13:55,272 - __main__ - INFO - Testing password of length 6: rjsumg
2024-11-21 21:14:13,406 - __main__ - INFO - Successfully processed 5 passwords
2024-11-21 21:14:45,742 - __main__ - INFO - Testing password of length 2: jw
2024-11-21 21:14:45,754 - __main__ - INFO - Testing password of length 3: xys
2024-11-21 21:14:45,764 - __main__ - INFO - Testing password of length 4: cmto
2024-11-21 21:14:45,781 - __main__ - INFO - Testing password of length 5: vjzhp
2024-11-21 21:14:46,597 - __main__ - INFO - Testing password of length 6: uinocs
2024-11-21 21:15:07,372 - __main__ - INFO - Testing password of length 7: vmaczkz
2024-11-21 21:17:03,708 - __main__ - INFO - Testing password of length 2: qf
2024-11-21 21:17:03,719 - __main__ - INFO - Testing password of length 3: vla
2024-11-21 21:17:03,729 - __main__ - INFO - Testing password of length 4: bdkk
2024-11-21 21:17:03,743 - __main__ - INFO - Testing password of length 5: szcog
2024-11-21 21:17:04,471 - __main__ - INFO - Testing password of length 6: murofz
2024-11-21 21:17:17,845 - __main__ - INFO - Testing password of length 7: ksixjbq
2024-11-21 21:18:06,329 - __main__ - INFO - Testing password of length 2: yc
2024-11-21 21:18:06,336 - __main__ - INFO - Testing password of length 3: sva
2024-11-21 21:18:06,347 - __main__ - INFO - Testing password of length 4: hxjr
2024-11-21 21:18:06,370 - __main__ - INFO - Testing password of length 5: kwzzh
2024-11-21 21:18:06,803 - __main__ - INFO - Testing password of length 6: ulgdfc
2024-11-21 21:18:23,636 - __main__ - INFO - Testing password of length 2: de
2024-11-21 21:18:23,643 - __main__ - INFO - Testing password of length 3: rwj
2024-11-21 21:18:23,653 - __main__ - INFO - Testing password of length 4: odki
2024-11-21 21:18:23,686 - __main__ - INFO - Testing password of length 5: kufyv
2024-11-21 21:18:24,110 - __main__ - INFO - Testing password of length 6: okvhjc
2024-11-21 21:18:39,849 - __main__ - INFO - Testing password of length 2: hl
2024-11-21 21:18:39,860 - __main__ - INFO - Testing password of length 3: wpk
2024-11-21 21:18:39,870 - __main__ - INFO - Testing password of length 4: ueeh
2024-11-21 21:18:39,912 - __main__ - INFO - Testing password of length 5: ooxbl
2024-11-21 21:18:40,479 - __main__ - INFO - Testing password of length 6: gldakh
2024-11-21 21:18:47,822 - __main__ - INFO - Testing password of length 7: sfqtsba
2024-11-21 21:19:32,303 - __main__ - INFO - Testing password of length 2: ex
2024-11-21 21:19:32,311 - __main__ - INFO - Testing password of length 3: jxf
2024-11-21 21:19:32,320 - __main__ - INFO - Testing password of length 4: mzzn
2024-11-21 21:19:32,351 - __main__ - INFO - Testing password of length 5: oqzib
2024-11-21 21:19:32,921 - __main__ - INFO - Testing password of length 6: qlbhwp
2024-11-21 21:19:50,615 - __main__ - INFO - Testing password of length 7: ofgcmnk
2024-11-21 21:20:03,164 - __main__ - INFO - Testing password of length 2: ye
2024-11-21 21:20:03,172 - __main__ - INFO - Testing password of length 3: dgc
2024-11-21 21:20:03,181 - __main__ - INFO - Testing password of length 4: tlmo
2024-11-21 21:20:03,222 - __main__ - INFO - Testing password of length 5: knmnl
2024-11-21 21:20:03,640 - __main__ - INFO - Testing password of length 6: uoxovo
2024-11-21 21:20:24,999 - __main__ - INFO - Testing password of length 7: myeiwmu
2024-11-21 21:27:09,433 - __main__ - INFO - Successfully processed 6 passwords
2024-11-21 21:29:33,620 - __main__ - ERROR - Application error: 'PasswordCracker' object has no attribute 'compare_cracking_methods'
2024-11-21 21:30:29,765 - __main__ - INFO - Testing password of length 2: bm
2024-11-21 21:30:29,776 - __main__ - INFO - Testing password of length 3: vxj
2024-11-21 21:30:29,786 - __main__ - INFO - Testing password of length 4: tfri
2024-11-21 21:30:29,826 - __main__ - INFO - Testing password of length 5: dbsrr
2024-11-21 21:30:30,393 - __main__ - INFO - Saved complexity analysis plots to results/complexity_analysis.png
2024-11-21 21:30:54,395 - __main__ - INFO - Successfully processed 4 passwords
2024-11-21 21:31:25,918 - __main__ - INFO - Testing password of length 2: tg
2024-11-21 21:31:25,928 - __main__ - INFO - Testing password of length 3: nwz
2024-11-21 21:31:25,938 - __main__ - INFO - Testing password of length 4: ctwp
2024-11-21 21:31:25,954 - __main__ - INFO - Testing password of length 5: pfrhh
2024-11-21 21:31:26,541 - __main__ - INFO - Testing password of length 6: dbixaw
2024-11-21 21:31:29,658 - __main__ - INFO - Testing password of length 7: sojsine
2024-11-21 21:40:54,491 - __main__ - INFO - Saved complexity analysis plots to results/complexity_analysis.png
2024-11-21 21:41:05,954 - __main__ - INFO - Successfully processed 6 passwords
2024-11-21 21:44:53,384 - __main__ - INFO - Testing password of length 2: bp
2024-11-21 21:44:53,394 - __main__ - ERROR - Error processing length 2: CrackingResult.__init__() got an unexpected keyword argument 'classical_space'
2024-11-21 21:44:53,394 - __main__ - INFO - Testing password of length 3: rpl
2024-11-21 21:44:53,406 - __main__ - ERROR - Error processing length 3: CrackingResult.__init__() got an unexpected keyword argument 'classical_space'
2024-11-21 21:44:53,406 - __main__ - INFO - Testing password of length 4: pefq
2024-11-21 21:44:53,440 - __main__ - ERROR - Error processing length 4: CrackingResult.__init__() got an unexpected keyword argument 'classical_space'
2024-11-21 21:44:53,440 - __main__ - INFO - Testing password of length 5: yhjsv
2024-11-21 21:44:54,360 - __main__ - ERROR - Error processing length 5: CrackingResult.__init__() got an unexpected keyword argument 'classical_space'
2024-11-21 21:44:54,360 - __main__ - INFO - Testing password of length 6: ikwtvo
2024-11-21 21:46:16,855 - __main__ - INFO - Testing password of length 2: hz
2024-11-21 21:46:16,867 - __main__ - INFO - Testing password of length 3: cpb
2024-11-21 21:46:16,876 - __main__ - INFO - Testing password of length 4: kzzw
2024-11-21 21:46:16,904 - __main__ - INFO - Testing password of length 5: sdijr
2024-11-21 21:46:17,626 - __main__ - INFO - Testing password of length 6: eiccfp
2024-11-21 21:46:22,456 - __main__ - INFO - Saved complexity analysis plots to results/complexity_analysis.png
2024-11-21 21:49:49,645 - __main__ - INFO - Testing password of length 2: xg
2024-11-21 21:49:49,657 - __main__ - INFO - Testing password of length 3: cyj
2024-11-21 21:49:49,667 - __main__ - INFO - Testing password of length 4: mpbo
2024-11-21 21:49:49,697 - __main__ - INFO - Testing password of length 5: rophn
2024-11-21 21:49:50,370 - __main__ - INFO - Testing password of length 6: wrciuc
2024-11-21 21:50:17,623 - __main__ - INFO - Saved complexity analysis plots to results/complexity_analysis.png
2024-11-21 21:50:27,615 - __main__ - INFO - Successfully processed 5 passwords.
2024-11-21 21:54:42,392 - __main__ - INFO - Testing password of length 2: en
2024-11-21 21:54:42,402 - __main__ - INFO - Testing password of length 3: vge
2024-11-21 21:54:42,412 - __main__ - INFO - Testing password of length 4: pzia
2024-11-21 21:54:42,448 - __main__ - INFO - Testing password of length 5: hwpux
2024-11-21 21:54:42,769 - __main__ - INFO - Testing password of length 6: rosgpg
2024-11-21 21:55:01,463 - __main__ - INFO - Testing password of length 7: rssmwpo
2024-11-21 22:04:24,062 - __main__ - INFO - Saved complexity analysis plots to results/complexity_analysis.png
2024-11-21 22:13:09,449 - __main__ - INFO - Successfully processed 6 passwords
2024-11-21 22:15:46,129 - __main__ - INFO - Testing password of length 2: gc
2024-11-21 22:15:46,139 - __main__ - INFO - Testing password of length 3: jtl
2024-11-21 22:15:46,150 - __main__ - INFO - Testing password of length 4: dlsv
2024-11-21 22:15:46,167 - __main__ - INFO - Testing password of length 5: rscks
2024-11-21 22:15:47,258 - __main__ - INFO - Saved complexity analysis plots to results/complexity_analysis.png
2024-11-21 22:15:51,355 - __main__ - INFO - Successfully processed 4 passwords
